{"C:\\Users\\Hamza\\Desktop\\sync2\\The Complete Node.js Course\\The Complete Node.js Course\\08 Mongoose - Data Validation\\8.7- Project\\before\\vidly\\index.js": {"path":"C:\\Users\\Hamza\\Desktop\\sync2\\The Complete Node.js Course\\The Complete Node.js Course\\08 Mongoose - Data Validation\\8.7- Project\\before\\vidly\\index.js","statementMap":{"0":{"start":{"line":1,"column":16},"end":{"line":1,"column":34}},"1":{"start":{"line":2,"column":12},"end":{"line":2,"column":21}},"2":{"start":{"line":3,"column":16},"end":{"line":3,"column":34}},"3":{"start":{"line":4,"column":0},"end":{"line":4,"column":31}},"4":{"start":{"line":5,"column":0},"end":{"line":5,"column":33}},"5":{"start":{"line":6,"column":0},"end":{"line":6,"column":26}},"6":{"start":{"line":7,"column":0},"end":{"line":7,"column":30}},"7":{"start":{"line":8,"column":0},"end":{"line":8,"column":34}},"8":{"start":{"line":10,"column":13},"end":{"line":10,"column":37}},"9":{"start":{"line":11,"column":13},"end":{"line":13,"column":1}},"10":{"start":{"line":12,"column":2},"end":{"line":12,"column":45}},"11":{"start":{"line":14,"column":0},"end":{"line":14,"column":24}}},"fnMap":{"0":{"name":"(anonymous_0)","decl":{"start":{"line":11,"column":30},"end":{"line":11,"column":31}},"loc":{"start":{"line":12,"column":2},"end":{"line":12,"column":45}},"line":12}},"branchMap":{"0":{"loc":{"start":{"line":10,"column":13},"end":{"line":10,"column":37}},"type":"binary-expr","locations":[{"start":{"line":10,"column":13},"end":{"line":10,"column":29}},{"start":{"line":10,"column":33},"end":{"line":10,"column":37}}],"line":10}},"s":{"0":2,"1":2,"2":2,"3":2,"4":2,"5":2,"6":2,"7":2,"8":2,"9":2,"10":2,"11":2},"f":{"0":2},"b":{"0":[2,2]},"_coverageSchema":"1a1c01bbd47fc00a2c39e90264f33305004495a9","hash":"de2618e9748075ac1cef0677f6853dbeb4c02c8f"}
,"C:\\Users\\Hamza\\Desktop\\sync2\\The Complete Node.js Course\\The Complete Node.js Course\\08 Mongoose - Data Validation\\8.7- Project\\before\\vidly\\middleware\\admin.js": {"path":"C:\\Users\\Hamza\\Desktop\\sync2\\The Complete Node.js Course\\The Complete Node.js Course\\08 Mongoose - Data Validation\\8.7- Project\\before\\vidly\\middleware\\admin.js","statementMap":{"0":{"start":{"line":1,"column":0},"end":{"line":4,"column":2}},"1":{"start":{"line":2,"column":2},"end":{"line":2,"column":70}},"2":{"start":{"line":2,"column":25},"end":{"line":2,"column":70}},"3":{"start":{"line":3,"column":2},"end":{"line":3,"column":9}}},"fnMap":{"0":{"name":"(anonymous_0)","decl":{"start":{"line":1,"column":17},"end":{"line":1,"column":18}},"loc":{"start":{"line":1,"column":43},"end":{"line":4,"column":1}},"line":1}},"branchMap":{"0":{"loc":{"start":{"line":2,"column":2},"end":{"line":2,"column":70}},"type":"if","locations":[{"start":{"line":2,"column":2},"end":{"line":2,"column":70}},{"start":{},"end":{}}],"line":2}},"s":{"0":2,"1":5,"2":1,"3":4},"f":{"0":5},"b":{"0":[1,4]},"_coverageSchema":"1a1c01bbd47fc00a2c39e90264f33305004495a9","hash":"2ec03fa17ec2ad25183f674654c0ff0511b46b71"}
,"C:\\Users\\Hamza\\Desktop\\sync2\\The Complete Node.js Course\\The Complete Node.js Course\\08 Mongoose - Data Validation\\8.7- Project\\before\\vidly\\middleware\\async.js": {"path":"C:\\Users\\Hamza\\Desktop\\sync2\\The Complete Node.js Course\\The Complete Node.js Course\\08 Mongoose - Data Validation\\8.7- Project\\before\\vidly\\middleware\\async.js","statementMap":{"0":{"start":{"line":1,"column":0},"end":{"line":9,"column":2}},"1":{"start":{"line":2,"column":2},"end":{"line":8,"column":4}},"2":{"start":{"line":3,"column":4},"end":{"line":7,"column":5}},"3":{"start":{"line":4,"column":6},"end":{"line":4,"column":30}},"4":{"start":{"line":6,"column":6},"end":{"line":6,"column":14}}},"fnMap":{"0":{"name":"(anonymous_0)","decl":{"start":{"line":1,"column":17},"end":{"line":1,"column":18}},"loc":{"start":{"line":1,"column":36},"end":{"line":9,"column":1}},"line":1},"1":{"name":"(anonymous_1)","decl":{"start":{"line":2,"column":9},"end":{"line":2,"column":10}},"loc":{"start":{"line":2,"column":35},"end":{"line":8,"column":3}},"line":2}},"branchMap":{},"s":{"0":2,"1":0,"2":0,"3":0,"4":0},"f":{"0":0,"1":0},"b":{},"_coverageSchema":"1a1c01bbd47fc00a2c39e90264f33305004495a9","hash":"7c2cffb0b7ed939909e606cf3c9db2a7dd1ad5d2"}
,"C:\\Users\\Hamza\\Desktop\\sync2\\The Complete Node.js Course\\The Complete Node.js Course\\08 Mongoose - Data Validation\\8.7- Project\\before\\vidly\\middleware\\auth.js": {"path":"C:\\Users\\Hamza\\Desktop\\sync2\\The Complete Node.js Course\\The Complete Node.js Course\\08 Mongoose - Data Validation\\8.7- Project\\before\\vidly\\middleware\\auth.js","statementMap":{"0":{"start":{"line":1,"column":15},"end":{"line":1,"column":32}},"1":{"start":{"line":2,"column":12},"end":{"line":2,"column":35}},"2":{"start":{"line":4,"column":0},"end":{"line":14,"column":2}},"3":{"start":{"line":5,"column":16},"end":{"line":5,"column":42}},"4":{"start":{"line":6,"column":2},"end":{"line":6,"column":77}},"5":{"start":{"line":6,"column":14},"end":{"line":6,"column":77}},"6":{"start":{"line":7,"column":2},"end":{"line":13,"column":3}},"7":{"start":{"line":8,"column":20},"end":{"line":8,"column":58}},"8":{"start":{"line":9,"column":4},"end":{"line":9,"column":23}},"9":{"start":{"line":10,"column":4},"end":{"line":10,"column":11}},"10":{"start":{"line":12,"column":4},"end":{"line":12,"column":42}}},"fnMap":{"0":{"name":"(anonymous_0)","decl":{"start":{"line":4,"column":17},"end":{"line":4,"column":18}},"loc":{"start":{"line":4,"column":43},"end":{"line":14,"column":1}},"line":4}},"branchMap":{"0":{"loc":{"start":{"line":6,"column":2},"end":{"line":6,"column":77}},"type":"if","locations":[{"start":{"line":6,"column":2},"end":{"line":6,"column":77}},{"start":{},"end":{}}],"line":6}},"s":{"0":3,"1":3,"2":3,"3":22,"4":22,"5":4,"6":18,"7":18,"8":17,"9":17,"10":1},"f":{"0":22},"b":{"0":[4,18]},"_coverageSchema":"1a1c01bbd47fc00a2c39e90264f33305004495a9","hash":"5dc9f603481e41e3f5cfb78a68ba801aaeae5930"}
,"C:\\Users\\Hamza\\Desktop\\sync2\\The Complete Node.js Course\\The Complete Node.js Course\\08 Mongoose - Data Validation\\8.7- Project\\before\\vidly\\middleware\\error.js": {"path":"C:\\Users\\Hamza\\Desktop\\sync2\\The Complete Node.js Course\\The Complete Node.js Course\\08 Mongoose - Data Validation\\8.7- Project\\before\\vidly\\middleware\\error.js","statementMap":{"0":{"start":{"line":1,"column":16},"end":{"line":1,"column":34}},"1":{"start":{"line":2,"column":0},"end":{"line":5,"column":2}},"2":{"start":{"line":3,"column":2},"end":{"line":3,"column":34}},"3":{"start":{"line":4,"column":2},"end":{"line":4,"column":45}}},"fnMap":{"0":{"name":"(anonymous_0)","decl":{"start":{"line":2,"column":17},"end":{"line":2,"column":18}},"loc":{"start":{"line":2,"column":48},"end":{"line":5,"column":1}},"line":2}},"branchMap":{},"s":{"0":2,"1":2,"2":0,"3":0},"f":{"0":0},"b":{},"_coverageSchema":"1a1c01bbd47fc00a2c39e90264f33305004495a9","hash":"09a109a75f0fe14c3cf5510db75336fe8e882c40"}
,"C:\\Users\\Hamza\\Desktop\\sync2\\The Complete Node.js Course\\The Complete Node.js Course\\08 Mongoose - Data Validation\\8.7- Project\\before\\vidly\\middleware\\validateObjectId.js": {"path":"C:\\Users\\Hamza\\Desktop\\sync2\\The Complete Node.js Course\\The Complete Node.js Course\\08 Mongoose - Data Validation\\8.7- Project\\before\\vidly\\middleware\\validateObjectId.js","statementMap":{"0":{"start":{"line":1,"column":17},"end":{"line":1,"column":36}},"1":{"start":{"line":2,"column":0},"end":{"line":7,"column":2}},"2":{"start":{"line":3,"column":2},"end":{"line":4,"column":46}},"3":{"start":{"line":4,"column":4},"end":{"line":4,"column":46}},"4":{"start":{"line":6,"column":2},"end":{"line":6,"column":9}}},"fnMap":{"0":{"name":"(anonymous_0)","decl":{"start":{"line":2,"column":17},"end":{"line":2,"column":18}},"loc":{"start":{"line":2,"column":43},"end":{"line":7,"column":1}},"line":2}},"branchMap":{"0":{"loc":{"start":{"line":3,"column":2},"end":{"line":4,"column":46}},"type":"if","locations":[{"start":{"line":3,"column":2},"end":{"line":4,"column":46}},{"start":{},"end":{}}],"line":3}},"s":{"0":2,"1":2,"2":3,"3":1,"4":2},"f":{"0":3},"b":{"0":[1,2]},"_coverageSchema":"1a1c01bbd47fc00a2c39e90264f33305004495a9","hash":"4fecda35bd5e229a7162fc264c87e5fb4fe3606c"}
,"C:\\Users\\Hamza\\Desktop\\sync2\\The Complete Node.js Course\\The Complete Node.js Course\\08 Mongoose - Data Validation\\8.7- Project\\before\\vidly\\modules\\customer.js": {"path":"C:\\Users\\Hamza\\Desktop\\sync2\\The Complete Node.js Course\\The Complete Node.js Course\\08 Mongoose - Data Validation\\8.7- Project\\before\\vidly\\modules\\customer.js","statementMap":{"0":{"start":{"line":1,"column":17},"end":{"line":1,"column":36}},"1":{"start":{"line":2,"column":12},"end":{"line":2,"column":26}},"2":{"start":{"line":4,"column":23},"end":{"line":21,"column":2}},"3":{"start":{"line":22,"column":17},"end":{"line":22,"column":59}},"4":{"start":{"line":24,"column":17},"end":{"line":28,"column":3}},"5":{"start":{"line":30,"column":2},"end":{"line":30,"column":40}},"6":{"start":{"line":32,"column":0},"end":{"line":32,"column":28}},"7":{"start":{"line":33,"column":0},"end":{"line":33,"column":36}}},"fnMap":{"0":{"name":"validateCustomer","decl":{"start":{"line":23,"column":9},"end":{"line":23,"column":25}},"loc":{"start":{"line":23,"column":36},"end":{"line":31,"column":1}},"line":23}},"branchMap":{},"s":{"0":2,"1":2,"2":2,"3":2,"4":0,"5":0,"6":2,"7":2},"f":{"0":0},"b":{},"_coverageSchema":"1a1c01bbd47fc00a2c39e90264f33305004495a9","hash":"7abf606bb03996e4d63a3f66f2dcbf9c245a0743"}
,"C:\\Users\\Hamza\\Desktop\\sync2\\The Complete Node.js Course\\The Complete Node.js Course\\08 Mongoose - Data Validation\\8.7- Project\\before\\vidly\\modules\\genres.js": {"path":"C:\\Users\\Hamza\\Desktop\\sync2\\The Complete Node.js Course\\The Complete Node.js Course\\08 Mongoose - Data Validation\\8.7- Project\\before\\vidly\\modules\\genres.js","statementMap":{"0":{"start":{"line":1,"column":12},"end":{"line":1,"column":26}},"1":{"start":{"line":2,"column":17},"end":{"line":2,"column":36}},"2":{"start":{"line":3,"column":20},"end":{"line":10,"column":2}},"3":{"start":{"line":11,"column":14},"end":{"line":11,"column":50}},"4":{"start":{"line":13,"column":17},"end":{"line":15,"column":3}},"5":{"start":{"line":17,"column":2},"end":{"line":17,"column":37}},"6":{"start":{"line":19,"column":0},"end":{"line":19,"column":34}},"7":{"start":{"line":20,"column":0},"end":{"line":20,"column":33}},"8":{"start":{"line":21,"column":0},"end":{"line":21,"column":22}}},"fnMap":{"0":{"name":"validateGenre","decl":{"start":{"line":12,"column":9},"end":{"line":12,"column":22}},"loc":{"start":{"line":12,"column":30},"end":{"line":18,"column":1}},"line":12}},"branchMap":{},"s":{"0":2,"1":2,"2":2,"3":2,"4":11,"5":11,"6":2,"7":2,"8":2},"f":{"0":11},"b":{},"_coverageSchema":"1a1c01bbd47fc00a2c39e90264f33305004495a9","hash":"c3049b4b65f94f980091a41e5c5de3a66863bb93"}
,"C:\\Users\\Hamza\\Desktop\\sync2\\The Complete Node.js Course\\The Complete Node.js Course\\08 Mongoose - Data Validation\\8.7- Project\\before\\vidly\\modules\\movies.js": {"path":"C:\\Users\\Hamza\\Desktop\\sync2\\The Complete Node.js Course\\The Complete Node.js Course\\08 Mongoose - Data Validation\\8.7- Project\\before\\vidly\\modules\\movies.js","statementMap":{"0":{"start":{"line":1,"column":12},"end":{"line":1,"column":26}},"1":{"start":{"line":2,"column":17},"end":{"line":2,"column":36}},"2":{"start":{"line":3,"column":24},"end":{"line":3,"column":43}},"3":{"start":{"line":5,"column":14},"end":{"line":32,"column":1}},"4":{"start":{"line":35,"column":17},"end":{"line":40,"column":3}},"5":{"start":{"line":42,"column":2},"end":{"line":42,"column":37}},"6":{"start":{"line":45,"column":0},"end":{"line":45,"column":22}},"7":{"start":{"line":46,"column":0},"end":{"line":46,"column":33}}},"fnMap":{"0":{"name":"validateMovie","decl":{"start":{"line":34,"column":9},"end":{"line":34,"column":22}},"loc":{"start":{"line":34,"column":30},"end":{"line":43,"column":1}},"line":34}},"branchMap":{},"s":{"0":2,"1":2,"2":2,"3":2,"4":0,"5":0,"6":2,"7":2},"f":{"0":0},"b":{},"_coverageSchema":"1a1c01bbd47fc00a2c39e90264f33305004495a9","hash":"b9173d67de9246de7c7fca37f34bc3c046593e97"}
,"C:\\Users\\Hamza\\Desktop\\sync2\\The Complete Node.js Course\\The Complete Node.js Course\\08 Mongoose - Data Validation\\8.7- Project\\before\\vidly\\modules\\rental.js": {"path":"C:\\Users\\Hamza\\Desktop\\sync2\\The Complete Node.js Course\\The Complete Node.js Course\\08 Mongoose - Data Validation\\8.7- Project\\before\\vidly\\modules\\rental.js","statementMap":{"0":{"start":{"line":1,"column":12},"end":{"line":1,"column":26}},"1":{"start":{"line":2,"column":17},"end":{"line":2,"column":36}},"2":{"start":{"line":3,"column":15},"end":{"line":59,"column":1}},"3":{"start":{"line":62,"column":17},"end":{"line":65,"column":3}},"4":{"start":{"line":67,"column":2},"end":{"line":67,"column":38}},"5":{"start":{"line":70,"column":0},"end":{"line":70,"column":24}},"6":{"start":{"line":71,"column":0},"end":{"line":71,"column":34}}},"fnMap":{"0":{"name":"validateRental","decl":{"start":{"line":61,"column":9},"end":{"line":61,"column":23}},"loc":{"start":{"line":61,"column":32},"end":{"line":68,"column":1}},"line":61}},"branchMap":{},"s":{"0":2,"1":2,"2":2,"3":0,"4":0,"5":2,"6":2},"f":{"0":0},"b":{},"_coverageSchema":"1a1c01bbd47fc00a2c39e90264f33305004495a9","hash":"660afb5ee6d20b3503b33733d0544a1923118513"}
,"C:\\Users\\Hamza\\Desktop\\sync2\\The Complete Node.js Course\\The Complete Node.js Course\\08 Mongoose - Data Validation\\8.7- Project\\before\\vidly\\modules\\user.js": {"path":"C:\\Users\\Hamza\\Desktop\\sync2\\The Complete Node.js Course\\The Complete Node.js Course\\08 Mongoose - Data Validation\\8.7- Project\\before\\vidly\\modules\\user.js","statementMap":{"0":{"start":{"line":1,"column":12},"end":{"line":1,"column":26}},"1":{"start":{"line":2,"column":15},"end":{"line":2,"column":32}},"2":{"start":{"line":3,"column":12},"end":{"line":3,"column":35}},"3":{"start":{"line":4,"column":17},"end":{"line":4,"column":36}},"4":{"start":{"line":5,"column":19},"end":{"line":26,"column":2}},"5":{"start":{"line":27,"column":0},"end":{"line":33,"column":2}},"6":{"start":{"line":28,"column":16},"end":{"line":31,"column":3}},"7":{"start":{"line":32,"column":2},"end":{"line":32,"column":15}},"8":{"start":{"line":34,"column":13},"end":{"line":34,"column":47}},"9":{"start":{"line":36,"column":17},"end":{"line":40,"column":3}},"10":{"start":{"line":42,"column":2},"end":{"line":42,"column":36}},"11":{"start":{"line":44,"column":0},"end":{"line":44,"column":32}},"12":{"start":{"line":45,"column":0},"end":{"line":45,"column":20}}},"fnMap":{"0":{"name":"(anonymous_0)","decl":{"start":{"line":27,"column":39},"end":{"line":27,"column":40}},"loc":{"start":{"line":27,"column":51},"end":{"line":33,"column":1}},"line":27},"1":{"name":"validateUser","decl":{"start":{"line":35,"column":9},"end":{"line":35,"column":21}},"loc":{"start":{"line":35,"column":28},"end":{"line":43,"column":1}},"line":35}},"branchMap":{},"s":{"0":4,"1":4,"2":4,"3":4,"4":4,"5":4,"6":24,"7":24,"8":4,"9":0,"10":0,"11":4,"12":4},"f":{"0":24,"1":0},"b":{},"_coverageSchema":"1a1c01bbd47fc00a2c39e90264f33305004495a9","hash":"dda4221ef1901e14d14fc907c5e1563e042c76f2"}
,"C:\\Users\\Hamza\\Desktop\\sync2\\The Complete Node.js Course\\The Complete Node.js Course\\08 Mongoose - Data Validation\\8.7- Project\\before\\vidly\\routes\\auth.js": {"path":"C:\\Users\\Hamza\\Desktop\\sync2\\The Complete Node.js Course\\The Complete Node.js Course\\08 Mongoose - Data Validation\\8.7- Project\\before\\vidly\\routes\\auth.js","statementMap":{"0":{"start":{"line":1,"column":16},"end":{"line":1,"column":34}},"1":{"start":{"line":2,"column":15},"end":{"line":2,"column":31}},"2":{"start":{"line":3,"column":17},"end":{"line":3,"column":43}},"3":{"start":{"line":4,"column":15},"end":{"line":4,"column":32}},"4":{"start":{"line":5,"column":12},"end":{"line":5,"column":26}},"5":{"start":{"line":6,"column":0},"end":{"line":18,"column":3}},"6":{"start":{"line":7,"column":20},"end":{"line":7,"column":38}},"7":{"start":{"line":8,"column":2},"end":{"line":8,"column":67}},"8":{"start":{"line":8,"column":13},"end":{"line":8,"column":67}},"9":{"start":{"line":10,"column":13},"end":{"line":10,"column":58}},"10":{"start":{"line":11,"column":2},"end":{"line":11,"column":71}},"11":{"start":{"line":11,"column":13},"end":{"line":11,"column":71}},"12":{"start":{"line":13,"column":20},"end":{"line":13,"column":74}},"13":{"start":{"line":14,"column":2},"end":{"line":14,"column":76}},"14":{"start":{"line":14,"column":18},"end":{"line":14,"column":76}},"15":{"start":{"line":16,"column":16},"end":{"line":16,"column":40}},"16":{"start":{"line":17,"column":2},"end":{"line":17,"column":18}},"17":{"start":{"line":21,"column":17},"end":{"line":24,"column":3}},"18":{"start":{"line":26,"column":2},"end":{"line":26,"column":35}},"19":{"start":{"line":28,"column":0},"end":{"line":28,"column":24}}},"fnMap":{"0":{"name":"(anonymous_0)","decl":{"start":{"line":6,"column":17},"end":{"line":6,"column":18}},"loc":{"start":{"line":6,"column":37},"end":{"line":18,"column":1}},"line":6},"1":{"name":"validate","decl":{"start":{"line":20,"column":9},"end":{"line":20,"column":17}},"loc":{"start":{"line":20,"column":23},"end":{"line":27,"column":1}},"line":20}},"branchMap":{"0":{"loc":{"start":{"line":8,"column":2},"end":{"line":8,"column":67}},"type":"if","locations":[{"start":{"line":8,"column":2},"end":{"line":8,"column":67}},{"start":{},"end":{}}],"line":8},"1":{"loc":{"start":{"line":11,"column":2},"end":{"line":11,"column":71}},"type":"if","locations":[{"start":{"line":11,"column":2},"end":{"line":11,"column":71}},{"start":{},"end":{}}],"line":11},"2":{"loc":{"start":{"line":14,"column":2},"end":{"line":14,"column":76}},"type":"if","locations":[{"start":{"line":14,"column":2},"end":{"line":14,"column":76}},{"start":{},"end":{}}],"line":14}},"s":{"0":2,"1":2,"2":2,"3":2,"4":2,"5":2,"6":0,"7":0,"8":0,"9":0,"10":0,"11":0,"12":0,"13":0,"14":0,"15":0,"16":0,"17":0,"18":0,"19":2},"f":{"0":0,"1":0},"b":{"0":[0,0],"1":[0,0],"2":[0,0]},"_coverageSchema":"1a1c01bbd47fc00a2c39e90264f33305004495a9","hash":"ef93cf69edb1f5a5c0b800502e8563525c1f63db"}
,"C:\\Users\\Hamza\\Desktop\\sync2\\The Complete Node.js Course\\The Complete Node.js Course\\08 Mongoose - Data Validation\\8.7- Project\\before\\vidly\\routes\\customers.js": {"path":"C:\\Users\\Hamza\\Desktop\\sync2\\The Complete Node.js Course\\The Complete Node.js Course\\08 Mongoose - Data Validation\\8.7- Project\\before\\vidly\\routes\\customers.js","statementMap":{"0":{"start":{"line":1,"column":16},"end":{"line":1,"column":34}},"1":{"start":{"line":2,"column":13},"end":{"line":2,"column":42}},"2":{"start":{"line":3,"column":14},"end":{"line":3,"column":44}},"3":{"start":{"line":4,"column":15},"end":{"line":4,"column":31}},"4":{"start":{"line":5,"column":31},"end":{"line":5,"column":61}},"5":{"start":{"line":7,"column":0},"end":{"line":10,"column":3}},"6":{"start":{"line":8,"column":20},"end":{"line":8,"column":54}},"7":{"start":{"line":9,"column":2},"end":{"line":9,"column":22}},"8":{"start":{"line":12,"column":0},"end":{"line":24,"column":3}},"9":{"start":{"line":13,"column":20},"end":{"line":13,"column":38}},"10":{"start":{"line":14,"column":2},"end":{"line":14,"column":67}},"11":{"start":{"line":14,"column":13},"end":{"line":14,"column":67}},"12":{"start":{"line":16,"column":17},"end":{"line":20,"column":4}},"13":{"start":{"line":22,"column":2},"end":{"line":22,"column":35}},"14":{"start":{"line":23,"column":2},"end":{"line":23,"column":21}},"15":{"start":{"line":25,"column":0},"end":{"line":32,"column":3}},"16":{"start":{"line":26,"column":19},"end":{"line":26,"column":57}},"17":{"start":{"line":27,"column":2},"end":{"line":30,"column":61}},"18":{"start":{"line":28,"column":4},"end":{"line":30,"column":61}},"19":{"start":{"line":31,"column":2},"end":{"line":31,"column":21}},"20":{"start":{"line":34,"column":0},"end":{"line":53,"column":3}},"21":{"start":{"line":35,"column":20},"end":{"line":35,"column":38}},"22":{"start":{"line":36,"column":2},"end":{"line":36,"column":67}},"23":{"start":{"line":36,"column":13},"end":{"line":36,"column":67}},"24":{"start":{"line":38,"column":19},"end":{"line":48,"column":3}},"25":{"start":{"line":49,"column":2},"end":{"line":50,"column":78}},"26":{"start":{"line":50,"column":4},"end":{"line":50,"column":78}},"27":{"start":{"line":52,"column":2},"end":{"line":52,"column":21}},"28":{"start":{"line":55,"column":0},"end":{"line":63,"column":3}},"29":{"start":{"line":56,"column":19},"end":{"line":56,"column":66}},"30":{"start":{"line":57,"column":2},"end":{"line":60,"column":61}},"31":{"start":{"line":58,"column":4},"end":{"line":60,"column":61}},"32":{"start":{"line":62,"column":2},"end":{"line":62,"column":21}},"33":{"start":{"line":65,"column":0},"end":{"line":65,"column":24}}},"fnMap":{"0":{"name":"(anonymous_0)","decl":{"start":{"line":7,"column":16},"end":{"line":7,"column":17}},"loc":{"start":{"line":7,"column":36},"end":{"line":10,"column":1}},"line":7},"1":{"name":"(anonymous_1)","decl":{"start":{"line":12,"column":23},"end":{"line":12,"column":24}},"loc":{"start":{"line":12,"column":43},"end":{"line":24,"column":1}},"line":12},"2":{"name":"(anonymous_2)","decl":{"start":{"line":25,"column":19},"end":{"line":25,"column":20}},"loc":{"start":{"line":25,"column":39},"end":{"line":32,"column":1}},"line":25},"3":{"name":"(anonymous_3)","decl":{"start":{"line":34,"column":25},"end":{"line":34,"column":26}},"loc":{"start":{"line":34,"column":45},"end":{"line":53,"column":1}},"line":34},"4":{"name":"(anonymous_4)","decl":{"start":{"line":55,"column":37},"end":{"line":55,"column":38}},"loc":{"start":{"line":55,"column":57},"end":{"line":63,"column":1}},"line":55}},"branchMap":{"0":{"loc":{"start":{"line":14,"column":2},"end":{"line":14,"column":67}},"type":"if","locations":[{"start":{"line":14,"column":2},"end":{"line":14,"column":67}},{"start":{},"end":{}}],"line":14},"1":{"loc":{"start":{"line":27,"column":2},"end":{"line":30,"column":61}},"type":"if","locations":[{"start":{"line":27,"column":2},"end":{"line":30,"column":61}},{"start":{},"end":{}}],"line":27},"2":{"loc":{"start":{"line":36,"column":2},"end":{"line":36,"column":67}},"type":"if","locations":[{"start":{"line":36,"column":2},"end":{"line":36,"column":67}},{"start":{},"end":{}}],"line":36},"3":{"loc":{"start":{"line":49,"column":2},"end":{"line":50,"column":78}},"type":"if","locations":[{"start":{"line":49,"column":2},"end":{"line":50,"column":78}},{"start":{},"end":{}}],"line":49},"4":{"loc":{"start":{"line":57,"column":2},"end":{"line":60,"column":61}},"type":"if","locations":[{"start":{"line":57,"column":2},"end":{"line":60,"column":61}},{"start":{},"end":{}}],"line":57}},"s":{"0":2,"1":2,"2":2,"3":2,"4":2,"5":2,"6":0,"7":0,"8":2,"9":0,"10":0,"11":0,"12":0,"13":0,"14":0,"15":2,"16":0,"17":0,"18":0,"19":0,"20":2,"21":0,"22":0,"23":0,"24":0,"25":0,"26":0,"27":0,"28":2,"29":0,"30":0,"31":0,"32":0,"33":2},"f":{"0":0,"1":0,"2":0,"3":0,"4":0},"b":{"0":[0,0],"1":[0,0],"2":[0,0],"3":[0,0],"4":[0,0]},"_coverageSchema":"1a1c01bbd47fc00a2c39e90264f33305004495a9","hash":"7ff2681ef6ac3b53ec95de77897a062a12671117"}
,"C:\\Users\\Hamza\\Desktop\\sync2\\The Complete Node.js Course\\The Complete Node.js Course\\08 Mongoose - Data Validation\\8.7- Project\\before\\vidly\\routes\\genres.js": {"path":"C:\\Users\\Hamza\\Desktop\\sync2\\The Complete Node.js Course\\The Complete Node.js Course\\08 Mongoose - Data Validation\\8.7- Project\\before\\vidly\\routes\\genres.js","statementMap":{"0":{"start":{"line":1,"column":16},"end":{"line":1,"column":34}},"1":{"start":{"line":2,"column":24},"end":{"line":2,"column":54}},"2":{"start":{"line":3,"column":13},"end":{"line":3,"column":42}},"3":{"start":{"line":4,"column":14},"end":{"line":4,"column":44}},"4":{"start":{"line":5,"column":15},"end":{"line":5,"column":31}},"5":{"start":{"line":6,"column":28},"end":{"line":6,"column":56}},"6":{"start":{"line":7,"column":30},"end":{"line":7,"column":49}},"7":{"start":{"line":8,"column":25},"end":{"line":8,"column":66}},"8":{"start":{"line":10,"column":0},"end":{"line":13,"column":3}},"9":{"start":{"line":11,"column":17},"end":{"line":11,"column":48}},"10":{"start":{"line":12,"column":2},"end":{"line":12,"column":19}},"11":{"start":{"line":15,"column":0},"end":{"line":25,"column":3}},"12":{"start":{"line":16,"column":20},"end":{"line":16,"column":38}},"13":{"start":{"line":17,"column":2},"end":{"line":17,"column":67}},"14":{"start":{"line":17,"column":13},"end":{"line":17,"column":67}},"15":{"start":{"line":19,"column":14},"end":{"line":21,"column":4}},"16":{"start":{"line":23,"column":2},"end":{"line":23,"column":29}},"17":{"start":{"line":24,"column":2},"end":{"line":24,"column":18}},"18":{"start":{"line":27,"column":0},"end":{"line":42,"column":3}},"19":{"start":{"line":28,"column":20},"end":{"line":28,"column":38}},"20":{"start":{"line":29,"column":2},"end":{"line":29,"column":67}},"21":{"start":{"line":29,"column":13},"end":{"line":29,"column":67}},"22":{"start":{"line":31,"column":16},"end":{"line":37,"column":3}},"23":{"start":{"line":38,"column":2},"end":{"line":39,"column":78}},"24":{"start":{"line":39,"column":4},"end":{"line":39,"column":78}},"25":{"start":{"line":41,"column":2},"end":{"line":41,"column":18}},"26":{"start":{"line":44,"column":0},"end":{"line":50,"column":3}},"27":{"start":{"line":45,"column":16},"end":{"line":45,"column":60}},"28":{"start":{"line":46,"column":2},"end":{"line":47,"column":78}},"29":{"start":{"line":47,"column":4},"end":{"line":47,"column":78}},"30":{"start":{"line":49,"column":2},"end":{"line":49,"column":18}},"31":{"start":{"line":52,"column":0},"end":{"line":57,"column":3}},"32":{"start":{"line":53,"column":16},"end":{"line":53,"column":51}},"33":{"start":{"line":54,"column":2},"end":{"line":55,"column":78}},"34":{"start":{"line":55,"column":4},"end":{"line":55,"column":78}},"35":{"start":{"line":56,"column":2},"end":{"line":56,"column":18}},"36":{"start":{"line":59,"column":0},"end":{"line":59,"column":24}}},"fnMap":{"0":{"name":"(anonymous_0)","decl":{"start":{"line":10,"column":16},"end":{"line":10,"column":17}},"loc":{"start":{"line":10,"column":36},"end":{"line":13,"column":1}},"line":10},"1":{"name":"(anonymous_1)","decl":{"start":{"line":15,"column":23},"end":{"line":15,"column":24}},"loc":{"start":{"line":15,"column":43},"end":{"line":25,"column":1}},"line":15},"2":{"name":"(anonymous_2)","decl":{"start":{"line":27,"column":25},"end":{"line":27,"column":26}},"loc":{"start":{"line":27,"column":45},"end":{"line":42,"column":1}},"line":27},"3":{"name":"(anonymous_3)","decl":{"start":{"line":44,"column":37},"end":{"line":44,"column":38}},"loc":{"start":{"line":44,"column":57},"end":{"line":50,"column":1}},"line":44},"4":{"name":"(anonymous_4)","decl":{"start":{"line":52,"column":37},"end":{"line":52,"column":38}},"loc":{"start":{"line":52,"column":57},"end":{"line":57,"column":1}},"line":52}},"branchMap":{"0":{"loc":{"start":{"line":17,"column":2},"end":{"line":17,"column":67}},"type":"if","locations":[{"start":{"line":17,"column":2},"end":{"line":17,"column":67}},{"start":{},"end":{}}],"line":17},"1":{"loc":{"start":{"line":29,"column":2},"end":{"line":29,"column":67}},"type":"if","locations":[{"start":{"line":29,"column":2},"end":{"line":29,"column":67}},{"start":{},"end":{}}],"line":29},"2":{"loc":{"start":{"line":38,"column":2},"end":{"line":39,"column":78}},"type":"if","locations":[{"start":{"line":38,"column":2},"end":{"line":39,"column":78}},{"start":{},"end":{}}],"line":38},"3":{"loc":{"start":{"line":46,"column":2},"end":{"line":47,"column":78}},"type":"if","locations":[{"start":{"line":46,"column":2},"end":{"line":47,"column":78}},{"start":{},"end":{}}],"line":46},"4":{"loc":{"start":{"line":54,"column":2},"end":{"line":55,"column":78}},"type":"if","locations":[{"start":{"line":54,"column":2},"end":{"line":55,"column":78}},{"start":{},"end":{}}],"line":54}},"s":{"0":2,"1":2,"2":2,"3":2,"4":2,"5":2,"6":2,"7":2,"8":2,"9":1,"10":1,"11":2,"12":5,"13":5,"14":2,"15":3,"16":3,"17":3,"18":2,"19":6,"20":6,"21":2,"22":4,"23":4,"24":2,"25":2,"26":2,"27":4,"28":4,"29":2,"30":2,"31":2,"32":2,"33":2,"34":1,"35":1,"36":2},"f":{"0":1,"1":5,"2":6,"3":4,"4":2},"b":{"0":[2,3],"1":[2,4],"2":[2,2],"3":[2,2],"4":[1,1]},"_coverageSchema":"1a1c01bbd47fc00a2c39e90264f33305004495a9","hash":"189716a044989b32a37ea4ccea94bb0d60a4610b"}
,"C:\\Users\\Hamza\\Desktop\\sync2\\The Complete Node.js Course\\The Complete Node.js Course\\08 Mongoose - Data Validation\\8.7- Project\\before\\vidly\\routes\\movies.js": {"path":"C:\\Users\\Hamza\\Desktop\\sync2\\The Complete Node.js Course\\The Complete Node.js Course\\08 Mongoose - Data Validation\\8.7- Project\\before\\vidly\\routes\\movies.js","statementMap":{"0":{"start":{"line":1,"column":28},"end":{"line":1,"column":56}},"1":{"start":{"line":2,"column":18},"end":{"line":2,"column":46}},"2":{"start":{"line":3,"column":16},"end":{"line":3,"column":34}},"3":{"start":{"line":4,"column":14},"end":{"line":4,"column":44}},"4":{"start":{"line":5,"column":13},"end":{"line":5,"column":42}},"5":{"start":{"line":6,"column":15},"end":{"line":6,"column":31}},"6":{"start":{"line":8,"column":0},"end":{"line":11,"column":3}},"7":{"start":{"line":9,"column":17},"end":{"line":9,"column":48}},"8":{"start":{"line":10,"column":2},"end":{"line":10,"column":19}},"9":{"start":{"line":13,"column":0},"end":{"line":32,"column":3}},"10":{"start":{"line":14,"column":20},"end":{"line":14,"column":38}},"11":{"start":{"line":15,"column":2},"end":{"line":15,"column":67}},"12":{"start":{"line":15,"column":13},"end":{"line":15,"column":67}},"13":{"start":{"line":17,"column":16},"end":{"line":17,"column":54}},"14":{"start":{"line":18,"column":2},"end":{"line":18,"column":60}},"15":{"start":{"line":18,"column":14},"end":{"line":18,"column":60}},"16":{"start":{"line":20,"column":14},"end":{"line":28,"column":4}},"17":{"start":{"line":29,"column":2},"end":{"line":29,"column":29}},"18":{"start":{"line":31,"column":2},"end":{"line":31,"column":18}},"19":{"start":{"line":34,"column":0},"end":{"line":59,"column":3}},"20":{"start":{"line":35,"column":20},"end":{"line":35,"column":38}},"21":{"start":{"line":36,"column":2},"end":{"line":36,"column":67}},"22":{"start":{"line":36,"column":13},"end":{"line":36,"column":67}},"23":{"start":{"line":38,"column":16},"end":{"line":38,"column":54}},"24":{"start":{"line":39,"column":2},"end":{"line":39,"column":60}},"25":{"start":{"line":39,"column":14},"end":{"line":39,"column":60}},"26":{"start":{"line":41,"column":16},"end":{"line":53,"column":3}},"27":{"start":{"line":55,"column":2},"end":{"line":56,"column":78}},"28":{"start":{"line":56,"column":4},"end":{"line":56,"column":78}},"29":{"start":{"line":58,"column":2},"end":{"line":58,"column":18}},"30":{"start":{"line":61,"column":0},"end":{"line":68,"column":3}},"31":{"start":{"line":62,"column":16},"end":{"line":62,"column":60}},"32":{"start":{"line":64,"column":2},"end":{"line":65,"column":78}},"33":{"start":{"line":65,"column":4},"end":{"line":65,"column":78}},"34":{"start":{"line":67,"column":2},"end":{"line":67,"column":18}},"35":{"start":{"line":70,"column":0},"end":{"line":77,"column":3}},"36":{"start":{"line":71,"column":16},"end":{"line":71,"column":51}},"37":{"start":{"line":73,"column":2},"end":{"line":74,"column":78}},"38":{"start":{"line":74,"column":4},"end":{"line":74,"column":78}},"39":{"start":{"line":76,"column":2},"end":{"line":76,"column":18}},"40":{"start":{"line":79,"column":0},"end":{"line":79,"column":24}}},"fnMap":{"0":{"name":"(anonymous_0)","decl":{"start":{"line":8,"column":16},"end":{"line":8,"column":17}},"loc":{"start":{"line":8,"column":36},"end":{"line":11,"column":1}},"line":8},"1":{"name":"(anonymous_1)","decl":{"start":{"line":13,"column":23},"end":{"line":13,"column":24}},"loc":{"start":{"line":13,"column":43},"end":{"line":32,"column":1}},"line":13},"2":{"name":"(anonymous_2)","decl":{"start":{"line":34,"column":25},"end":{"line":34,"column":26}},"loc":{"start":{"line":34,"column":45},"end":{"line":59,"column":1}},"line":34},"3":{"name":"(anonymous_3)","decl":{"start":{"line":61,"column":37},"end":{"line":61,"column":38}},"loc":{"start":{"line":61,"column":57},"end":{"line":68,"column":1}},"line":61},"4":{"name":"(anonymous_4)","decl":{"start":{"line":70,"column":19},"end":{"line":70,"column":20}},"loc":{"start":{"line":70,"column":39},"end":{"line":77,"column":1}},"line":70}},"branchMap":{"0":{"loc":{"start":{"line":15,"column":2},"end":{"line":15,"column":67}},"type":"if","locations":[{"start":{"line":15,"column":2},"end":{"line":15,"column":67}},{"start":{},"end":{}}],"line":15},"1":{"loc":{"start":{"line":18,"column":2},"end":{"line":18,"column":60}},"type":"if","locations":[{"start":{"line":18,"column":2},"end":{"line":18,"column":60}},{"start":{},"end":{}}],"line":18},"2":{"loc":{"start":{"line":36,"column":2},"end":{"line":36,"column":67}},"type":"if","locations":[{"start":{"line":36,"column":2},"end":{"line":36,"column":67}},{"start":{},"end":{}}],"line":36},"3":{"loc":{"start":{"line":39,"column":2},"end":{"line":39,"column":60}},"type":"if","locations":[{"start":{"line":39,"column":2},"end":{"line":39,"column":60}},{"start":{},"end":{}}],"line":39},"4":{"loc":{"start":{"line":55,"column":2},"end":{"line":56,"column":78}},"type":"if","locations":[{"start":{"line":55,"column":2},"end":{"line":56,"column":78}},{"start":{},"end":{}}],"line":55},"5":{"loc":{"start":{"line":64,"column":2},"end":{"line":65,"column":78}},"type":"if","locations":[{"start":{"line":64,"column":2},"end":{"line":65,"column":78}},{"start":{},"end":{}}],"line":64},"6":{"loc":{"start":{"line":73,"column":2},"end":{"line":74,"column":78}},"type":"if","locations":[{"start":{"line":73,"column":2},"end":{"line":74,"column":78}},{"start":{},"end":{}}],"line":73}},"s":{"0":2,"1":2,"2":2,"3":2,"4":2,"5":2,"6":2,"7":0,"8":0,"9":2,"10":0,"11":0,"12":0,"13":0,"14":0,"15":0,"16":0,"17":0,"18":0,"19":2,"20":0,"21":0,"22":0,"23":0,"24":0,"25":0,"26":0,"27":0,"28":0,"29":0,"30":2,"31":0,"32":0,"33":0,"34":0,"35":2,"36":0,"37":0,"38":0,"39":0,"40":2},"f":{"0":0,"1":0,"2":0,"3":0,"4":0},"b":{"0":[0,0],"1":[0,0],"2":[0,0],"3":[0,0],"4":[0,0],"5":[0,0],"6":[0,0]},"_coverageSchema":"1a1c01bbd47fc00a2c39e90264f33305004495a9","hash":"73f6331440f3da8d9cd5d3ff9dac2cd4320a3c0b"}
,"C:\\Users\\Hamza\\Desktop\\sync2\\The Complete Node.js Course\\The Complete Node.js Course\\08 Mongoose - Data Validation\\8.7- Project\\before\\vidly\\routes\\rentals.js": {"path":"C:\\Users\\Hamza\\Desktop\\sync2\\The Complete Node.js Course\\The Complete Node.js Course\\08 Mongoose - Data Validation\\8.7- Project\\before\\vidly\\routes\\rentals.js","statementMap":{"0":{"start":{"line":1,"column":29},"end":{"line":1,"column":57}},"1":{"start":{"line":2,"column":18},"end":{"line":2,"column":46}},"2":{"start":{"line":3,"column":21},"end":{"line":3,"column":51}},"3":{"start":{"line":4,"column":17},"end":{"line":4,"column":36}},"4":{"start":{"line":5,"column":16},"end":{"line":5,"column":34}},"5":{"start":{"line":6,"column":13},"end":{"line":6,"column":42}},"6":{"start":{"line":7,"column":15},"end":{"line":7,"column":31}},"7":{"start":{"line":9,"column":0},"end":{"line":12,"column":3}},"8":{"start":{"line":10,"column":18},"end":{"line":10,"column":54}},"9":{"start":{"line":11,"column":2},"end":{"line":11,"column":20}},"10":{"start":{"line":14,"column":0},"end":{"line":63,"column":2}},"11":{"start":{"line":18,"column":22},"end":{"line":18,"column":40}},"12":{"start":{"line":19,"column":4},"end":{"line":19,"column":69}},"13":{"start":{"line":19,"column":15},"end":{"line":19,"column":69}},"14":{"start":{"line":21,"column":21},"end":{"line":21,"column":65}},"15":{"start":{"line":22,"column":4},"end":{"line":22,"column":68}},"16":{"start":{"line":22,"column":19},"end":{"line":22,"column":68}},"17":{"start":{"line":24,"column":18},"end":{"line":24,"column":56}},"18":{"start":{"line":25,"column":4},"end":{"line":25,"column":62}},"19":{"start":{"line":25,"column":16},"end":{"line":25,"column":62}},"20":{"start":{"line":27,"column":4},"end":{"line":28,"column":57}},"21":{"start":{"line":28,"column":6},"end":{"line":28,"column":57}},"22":{"start":{"line":30,"column":17},"end":{"line":41,"column":6}},"23":{"start":{"line":42,"column":4},"end":{"line":55,"column":5}},"24":{"start":{"line":43,"column":22},"end":{"line":43,"column":51}},"25":{"start":{"line":44,"column":6},"end":{"line":49,"column":9}},"26":{"start":{"line":45,"column":23},"end":{"line":45,"column":42}},"27":{"start":{"line":46,"column":8},"end":{"line":46,"column":30}},"28":{"start":{"line":47,"column":8},"end":{"line":47,"column":21}},"29":{"start":{"line":48,"column":8},"end":{"line":48,"column":25}},"30":{"start":{"line":51,"column":6},"end":{"line":51,"column":27}},"31":{"start":{"line":52,"column":6},"end":{"line":52,"column":29}},"32":{"start":{"line":54,"column":6},"end":{"line":54,"column":45}},"33":{"start":{"line":65,"column":0},"end":{"line":72,"column":3}},"34":{"start":{"line":66,"column":17},"end":{"line":66,"column":53}},"35":{"start":{"line":68,"column":2},"end":{"line":69,"column":79}},"36":{"start":{"line":69,"column":4},"end":{"line":69,"column":79}},"37":{"start":{"line":71,"column":2},"end":{"line":71,"column":19}},"38":{"start":{"line":74,"column":0},"end":{"line":74,"column":24}}},"fnMap":{"0":{"name":"(anonymous_0)","decl":{"start":{"line":9,"column":16},"end":{"line":9,"column":17}},"loc":{"start":{"line":9,"column":36},"end":{"line":12,"column":1}},"line":9},"1":{"name":"(anonymous_1)","decl":{"start":{"line":17,"column":2},"end":{"line":17,"column":3}},"loc":{"start":{"line":17,"column":22},"end":{"line":56,"column":3}},"line":17},"2":{"name":"(anonymous_2)","decl":{"start":{"line":44,"column":36},"end":{"line":44,"column":37}},"loc":{"start":{"line":44,"column":48},"end":{"line":49,"column":7}},"line":44},"3":{"name":"(anonymous_3)","decl":{"start":{"line":65,"column":19},"end":{"line":65,"column":20}},"loc":{"start":{"line":65,"column":39},"end":{"line":72,"column":1}},"line":65}},"branchMap":{"0":{"loc":{"start":{"line":19,"column":4},"end":{"line":19,"column":69}},"type":"if","locations":[{"start":{"line":19,"column":4},"end":{"line":19,"column":69}},{"start":{},"end":{}}],"line":19},"1":{"loc":{"start":{"line":22,"column":4},"end":{"line":22,"column":68}},"type":"if","locations":[{"start":{"line":22,"column":4},"end":{"line":22,"column":68}},{"start":{},"end":{}}],"line":22},"2":{"loc":{"start":{"line":25,"column":4},"end":{"line":25,"column":62}},"type":"if","locations":[{"start":{"line":25,"column":4},"end":{"line":25,"column":62}},{"start":{},"end":{}}],"line":25},"3":{"loc":{"start":{"line":27,"column":4},"end":{"line":28,"column":57}},"type":"if","locations":[{"start":{"line":27,"column":4},"end":{"line":28,"column":57}},{"start":{},"end":{}}],"line":27},"4":{"loc":{"start":{"line":68,"column":2},"end":{"line":69,"column":79}},"type":"if","locations":[{"start":{"line":68,"column":2},"end":{"line":69,"column":79}},{"start":{},"end":{}}],"line":68}},"s":{"0":2,"1":2,"2":2,"3":2,"4":2,"5":2,"6":2,"7":2,"8":0,"9":0,"10":2,"11":0,"12":0,"13":0,"14":0,"15":0,"16":0,"17":0,"18":0,"19":0,"20":0,"21":0,"22":0,"23":0,"24":0,"25":0,"26":0,"27":0,"28":0,"29":0,"30":0,"31":0,"32":0,"33":2,"34":0,"35":0,"36":0,"37":0,"38":2},"f":{"0":0,"1":0,"2":0,"3":0},"b":{"0":[0,0],"1":[0,0],"2":[0,0],"3":[0,0],"4":[0,0]},"_coverageSchema":"1a1c01bbd47fc00a2c39e90264f33305004495a9","hash":"082adb64b2d9d67a5bfb45c1787970cca0af481b"}
,"C:\\Users\\Hamza\\Desktop\\sync2\\The Complete Node.js Course\\The Complete Node.js Course\\08 Mongoose - Data Validation\\8.7- Project\\before\\vidly\\routes\\users.js": {"path":"C:\\Users\\Hamza\\Desktop\\sync2\\The Complete Node.js Course\\The Complete Node.js Course\\08 Mongoose - Data Validation\\8.7- Project\\before\\vidly\\routes\\users.js","statementMap":{"0":{"start":{"line":1,"column":16},"end":{"line":1,"column":34}},"1":{"start":{"line":2,"column":13},"end":{"line":2,"column":42}},"2":{"start":{"line":3,"column":10},"end":{"line":3,"column":27}},"3":{"start":{"line":4,"column":15},"end":{"line":4,"column":31}},"4":{"start":{"line":5,"column":27},"end":{"line":5,"column":53}},"5":{"start":{"line":6,"column":15},"end":{"line":6,"column":32}},"6":{"start":{"line":8,"column":0},"end":{"line":11,"column":3}},"7":{"start":{"line":9,"column":15},"end":{"line":9,"column":68}},"8":{"start":{"line":10,"column":2},"end":{"line":10,"column":17}},"9":{"start":{"line":13,"column":0},"end":{"line":28,"column":3}},"10":{"start":{"line":14,"column":20},"end":{"line":14,"column":38}},"11":{"start":{"line":15,"column":2},"end":{"line":15,"column":67}},"12":{"start":{"line":15,"column":13},"end":{"line":15,"column":67}},"13":{"start":{"line":17,"column":13},"end":{"line":17,"column":58}},"14":{"start":{"line":18,"column":2},"end":{"line":18,"column":68}},"15":{"start":{"line":18,"column":12},"end":{"line":18,"column":68}},"16":{"start":{"line":20,"column":2},"end":{"line":20,"column":67}},"17":{"start":{"line":21,"column":15},"end":{"line":21,"column":39}},"18":{"start":{"line":22,"column":2},"end":{"line":22,"column":57}},"19":{"start":{"line":23,"column":2},"end":{"line":23,"column":20}},"20":{"start":{"line":24,"column":16},"end":{"line":24,"column":40}},"21":{"start":{"line":25,"column":2},"end":{"line":27,"column":50}},"22":{"start":{"line":30,"column":0},"end":{"line":30,"column":24}}},"fnMap":{"0":{"name":"(anonymous_0)","decl":{"start":{"line":8,"column":24},"end":{"line":8,"column":25}},"loc":{"start":{"line":8,"column":44},"end":{"line":11,"column":1}},"line":8},"1":{"name":"(anonymous_1)","decl":{"start":{"line":13,"column":17},"end":{"line":13,"column":18}},"loc":{"start":{"line":13,"column":37},"end":{"line":28,"column":1}},"line":13}},"branchMap":{"0":{"loc":{"start":{"line":15,"column":2},"end":{"line":15,"column":67}},"type":"if","locations":[{"start":{"line":15,"column":2},"end":{"line":15,"column":67}},{"start":{},"end":{}}],"line":15},"1":{"loc":{"start":{"line":18,"column":2},"end":{"line":18,"column":68}},"type":"if","locations":[{"start":{"line":18,"column":2},"end":{"line":18,"column":68}},{"start":{},"end":{}}],"line":18}},"s":{"0":2,"1":2,"2":2,"3":2,"4":2,"5":2,"6":2,"7":0,"8":0,"9":2,"10":0,"11":0,"12":0,"13":0,"14":0,"15":0,"16":0,"17":0,"18":0,"19":0,"20":0,"21":0,"22":2},"f":{"0":0,"1":0},"b":{"0":[0,0],"1":[0,0]},"_coverageSchema":"1a1c01bbd47fc00a2c39e90264f33305004495a9","hash":"0bc900451a099133e8ce8ea7786216b74827d525"}
,"C:\\Users\\Hamza\\Desktop\\sync2\\The Complete Node.js Course\\The Complete Node.js Course\\08 Mongoose - Data Validation\\8.7- Project\\before\\vidly\\startup\\config.js": {"path":"C:\\Users\\Hamza\\Desktop\\sync2\\The Complete Node.js Course\\The Complete Node.js Course\\08 Mongoose - Data Validation\\8.7- Project\\before\\vidly\\startup\\config.js","statementMap":{"0":{"start":{"line":1,"column":15},"end":{"line":1,"column":32}},"1":{"start":{"line":3,"column":0},"end":{"line":7,"column":2}},"2":{"start":{"line":4,"column":2},"end":{"line":6,"column":3}},"3":{"start":{"line":5,"column":4},"end":{"line":5,"column":58}}},"fnMap":{"0":{"name":"(anonymous_0)","decl":{"start":{"line":3,"column":17},"end":{"line":3,"column":18}},"loc":{"start":{"line":3,"column":29},"end":{"line":7,"column":1}},"line":3}},"branchMap":{"0":{"loc":{"start":{"line":4,"column":2},"end":{"line":6,"column":3}},"type":"if","locations":[{"start":{"line":4,"column":2},"end":{"line":6,"column":3}},{"start":{},"end":{}}],"line":4}},"s":{"0":2,"1":2,"2":2,"3":0},"f":{"0":2},"b":{"0":[0,2]},"_coverageSchema":"1a1c01bbd47fc00a2c39e90264f33305004495a9","hash":"daddea55a0f1f5bf8f30cd57629dfe835ffa31f8"}
,"C:\\Users\\Hamza\\Desktop\\sync2\\The Complete Node.js Course\\The Complete Node.js Course\\08 Mongoose - Data Validation\\8.7- Project\\before\\vidly\\startup\\db.js": {"path":"C:\\Users\\Hamza\\Desktop\\sync2\\The Complete Node.js Course\\The Complete Node.js Course\\08 Mongoose - Data Validation\\8.7- Project\\before\\vidly\\startup\\db.js","statementMap":{"0":{"start":{"line":1,"column":17},"end":{"line":1,"column":36}},"1":{"start":{"line":2,"column":15},"end":{"line":2,"column":32}},"2":{"start":{"line":3,"column":16},"end":{"line":5,"column":1}},"3":{"start":{"line":7,"column":0},"end":{"line":13,"column":2}},"4":{"start":{"line":8,"column":13},"end":{"line":8,"column":29}},"5":{"start":{"line":9,"column":2},"end":{"line":12,"column":68}},"6":{"start":{"line":11,"column":16},"end":{"line":11,"column":52}},"7":{"start":{"line":12,"column":18},"end":{"line":12,"column":66}}},"fnMap":{"0":{"name":"(anonymous_0)","decl":{"start":{"line":7,"column":17},"end":{"line":7,"column":18}},"loc":{"start":{"line":7,"column":29},"end":{"line":13,"column":1}},"line":7},"1":{"name":"(anonymous_1)","decl":{"start":{"line":11,"column":10},"end":{"line":11,"column":11}},"loc":{"start":{"line":11,"column":16},"end":{"line":11,"column":52}},"line":11},"2":{"name":"(anonymous_2)","decl":{"start":{"line":12,"column":11},"end":{"line":12,"column":12}},"loc":{"start":{"line":12,"column":18},"end":{"line":12,"column":66}},"line":12}},"branchMap":{},"s":{"0":2,"1":2,"2":2,"3":2,"4":2,"5":2,"6":2,"7":0},"f":{"0":2,"1":2,"2":0},"b":{},"_coverageSchema":"1a1c01bbd47fc00a2c39e90264f33305004495a9","hash":"1755ed99b3b5e6b5694861e5129134959fa4e56a"}
,"C:\\Users\\Hamza\\Desktop\\sync2\\The Complete Node.js Course\\The Complete Node.js Course\\08 Mongoose - Data Validation\\8.7- Project\\before\\vidly\\startup\\logging.js": {"path":"C:\\Users\\Hamza\\Desktop\\sync2\\The Complete Node.js Course\\The Complete Node.js Course\\08 Mongoose - Data Validation\\8.7- Project\\before\\vidly\\startup\\logging.js","statementMap":{"0":{"start":{"line":1,"column":16},"end":{"line":1,"column":34}},"1":{"start":{"line":3,"column":0},"end":{"line":3,"column":32}},"2":{"start":{"line":5,"column":0},"end":{"line":17,"column":2}},"3":{"start":{"line":6,"column":2},"end":{"line":8,"column":4}},"4":{"start":{"line":10,"column":2},"end":{"line":12,"column":5}},"5":{"start":{"line":11,"column":4},"end":{"line":11,"column":13}},"6":{"start":{"line":13,"column":2},"end":{"line":13,"column":72}}},"fnMap":{"0":{"name":"(anonymous_0)","decl":{"start":{"line":5,"column":17},"end":{"line":5,"column":18}},"loc":{"start":{"line":5,"column":29},"end":{"line":17,"column":1}},"line":5},"1":{"name":"(anonymous_1)","decl":{"start":{"line":10,"column":35},"end":{"line":10,"column":36}},"loc":{"start":{"line":10,"column":43},"end":{"line":12,"column":3}},"line":10}},"branchMap":{},"s":{"0":2,"1":2,"2":2,"3":2,"4":2,"5":0,"6":2},"f":{"0":2,"1":0},"b":{},"_coverageSchema":"1a1c01bbd47fc00a2c39e90264f33305004495a9","hash":"39919e23123c12e2e8055653087d17b36daa75d0"}
,"C:\\Users\\Hamza\\Desktop\\sync2\\The Complete Node.js Course\\The Complete Node.js Course\\08 Mongoose - Data Validation\\8.7- Project\\before\\vidly\\startup\\routes.js": {"path":"C:\\Users\\Hamza\\Desktop\\sync2\\The Complete Node.js Course\\The Complete Node.js Course\\08 Mongoose - Data Validation\\8.7- Project\\before\\vidly\\startup\\routes.js","statementMap":{"0":{"start":{"line":1,"column":15},"end":{"line":1,"column":42}},"1":{"start":{"line":2,"column":17},"end":{"line":2,"column":47}},"2":{"start":{"line":3,"column":15},"end":{"line":3,"column":42}},"3":{"start":{"line":4,"column":16},"end":{"line":4,"column":44}},"4":{"start":{"line":5,"column":14},"end":{"line":5,"column":40}},"5":{"start":{"line":6,"column":13},"end":{"line":6,"column":38}},"6":{"start":{"line":7,"column":14},"end":{"line":7,"column":44}},"7":{"start":{"line":8,"column":16},"end":{"line":8,"column":34}},"8":{"start":{"line":10,"column":0},"end":{"line":21,"column":2}},"9":{"start":{"line":12,"column":2},"end":{"line":12,"column":26}},"10":{"start":{"line":13,"column":2},"end":{"line":13,"column":33}},"11":{"start":{"line":14,"column":2},"end":{"line":14,"column":38}},"12":{"start":{"line":15,"column":2},"end":{"line":15,"column":33}},"13":{"start":{"line":16,"column":2},"end":{"line":16,"column":35}},"14":{"start":{"line":17,"column":2},"end":{"line":17,"column":31}},"15":{"start":{"line":18,"column":2},"end":{"line":18,"column":29}},"16":{"start":{"line":19,"column":2},"end":{"line":19,"column":17}}},"fnMap":{"0":{"name":"(anonymous_0)","decl":{"start":{"line":10,"column":17},"end":{"line":10,"column":18}},"loc":{"start":{"line":10,"column":32},"end":{"line":21,"column":1}},"line":10}},"branchMap":{},"s":{"0":2,"1":2,"2":2,"3":2,"4":2,"5":2,"6":2,"7":2,"8":2,"9":2,"10":2,"11":2,"12":2,"13":2,"14":2,"15":2,"16":2},"f":{"0":2},"b":{},"_coverageSchema":"1a1c01bbd47fc00a2c39e90264f33305004495a9","hash":"a85afc19d4ac10c24dc342f2ba4d2481d80422b7"}
,"C:\\Users\\Hamza\\Desktop\\sync2\\The Complete Node.js Course\\The Complete Node.js Course\\08 Mongoose - Data Validation\\8.7- Project\\before\\vidly\\startup\\validation.js": {"path":"C:\\Users\\Hamza\\Desktop\\sync2\\The Complete Node.js Course\\The Complete Node.js Course\\08 Mongoose - Data Validation\\8.7- Project\\before\\vidly\\startup\\validation.js","statementMap":{"0":{"start":{"line":1,"column":12},"end":{"line":1,"column":26}},"1":{"start":{"line":3,"column":0},"end":{"line":5,"column":2}},"2":{"start":{"line":4,"column":2},"end":{"line":4,"column":46}}},"fnMap":{"0":{"name":"(anonymous_0)","decl":{"start":{"line":3,"column":17},"end":{"line":3,"column":18}},"loc":{"start":{"line":3,"column":29},"end":{"line":5,"column":1}},"line":3}},"branchMap":{},"s":{"0":2,"1":2,"2":2},"f":{"0":2},"b":{},"_coverageSchema":"1a1c01bbd47fc00a2c39e90264f33305004495a9","hash":"b1c98dce3ef3e334008c0c7465a6dff06c34c674"}
}
